<?xml version="1.0" encoding="UTF-8"?>
<testsuite xmlns:xsi="http://www.w3.org/2001/XMLSchema-instance" xsi:noNamespaceSchemaLocation="https://maven.apache.org/surefire/maven-surefire-plugin/xsd/surefire-test-report.xsd" name="com.nglc.application.AppTest" time="21.147" tests="2" errors="0" skipped="0" failures="1">
  <properties>
    <property name="sun.desktop" value="gnome"/>
    <property name="awt.toolkit" value="sun.awt.X11.XToolkit"/>
    <property name="java.specification.version" value="11"/>
    <property name="sun.cpu.isalist" value=""/>
    <property name="sun.jnu.encoding" value="UTF-8"/>
    <property name="java.class.path" value="/home/moosa/eclipse-workspace/automation/target/test-classes:/home/moosa/eclipse-workspace/automation/target/classes:/home/moosa/.m2/repository/org/apache/poi/poi-ooxml/4.1.2/poi-ooxml-4.1.2.jar:/home/moosa/.m2/repository/org/apache/poi/poi/4.1.2/poi-4.1.2.jar:/home/moosa/.m2/repository/commons-codec/commons-codec/1.13/commons-codec-1.13.jar:/home/moosa/.m2/repository/org/apache/commons/commons-collections4/4.4/commons-collections4-4.4.jar:/home/moosa/.m2/repository/org/apache/commons/commons-math3/3.6.1/commons-math3-3.6.1.jar:/home/moosa/.m2/repository/com/zaxxer/SparseBitSet/1.2/SparseBitSet-1.2.jar:/home/moosa/.m2/repository/org/apache/poi/poi-ooxml-schemas/4.1.2/poi-ooxml-schemas-4.1.2.jar:/home/moosa/.m2/repository/org/apache/xmlbeans/xmlbeans/3.1.0/xmlbeans-3.1.0.jar:/home/moosa/.m2/repository/org/apache/commons/commons-compress/1.19/commons-compress-1.19.jar:/home/moosa/.m2/repository/com/github/virtuald/curvesapi/1.06/curvesapi-1.06.jar:/home/moosa/.m2/repository/org/seleniumhq/selenium/selenium-java/3.141.59/selenium-java-3.141.59.jar:/home/moosa/.m2/repository/org/seleniumhq/selenium/selenium-api/3.141.59/selenium-api-3.141.59.jar:/home/moosa/.m2/repository/org/seleniumhq/selenium/selenium-chrome-driver/3.141.59/selenium-chrome-driver-3.141.59.jar:/home/moosa/.m2/repository/org/seleniumhq/selenium/selenium-edge-driver/3.141.59/selenium-edge-driver-3.141.59.jar:/home/moosa/.m2/repository/org/seleniumhq/selenium/selenium-firefox-driver/3.141.59/selenium-firefox-driver-3.141.59.jar:/home/moosa/.m2/repository/org/seleniumhq/selenium/selenium-ie-driver/3.141.59/selenium-ie-driver-3.141.59.jar:/home/moosa/.m2/repository/org/seleniumhq/selenium/selenium-opera-driver/3.141.59/selenium-opera-driver-3.141.59.jar:/home/moosa/.m2/repository/org/seleniumhq/selenium/selenium-remote-driver/3.141.59/selenium-remote-driver-3.141.59.jar:/home/moosa/.m2/repository/org/seleniumhq/selenium/selenium-safari-driver/3.141.59/selenium-safari-driver-3.141.59.jar:/home/moosa/.m2/repository/org/seleniumhq/selenium/selenium-support/3.141.59/selenium-support-3.141.59.jar:/home/moosa/.m2/repository/net/bytebuddy/byte-buddy/1.8.15/byte-buddy-1.8.15.jar:/home/moosa/.m2/repository/org/apache/commons/commons-exec/1.3/commons-exec-1.3.jar:/home/moosa/.m2/repository/com/google/guava/guava/25.0-jre/guava-25.0-jre.jar:/home/moosa/.m2/repository/com/google/code/findbugs/jsr305/1.3.9/jsr305-1.3.9.jar:/home/moosa/.m2/repository/org/checkerframework/checker-compat-qual/2.0.0/checker-compat-qual-2.0.0.jar:/home/moosa/.m2/repository/com/google/errorprone/error_prone_annotations/2.1.3/error_prone_annotations-2.1.3.jar:/home/moosa/.m2/repository/com/google/j2objc/j2objc-annotations/1.1/j2objc-annotations-1.1.jar:/home/moosa/.m2/repository/org/codehaus/mojo/animal-sniffer-annotations/1.14/animal-sniffer-annotations-1.14.jar:/home/moosa/.m2/repository/com/squareup/okhttp3/okhttp/3.11.0/okhttp-3.11.0.jar:/home/moosa/.m2/repository/com/squareup/okio/okio/1.14.0/okio-1.14.0.jar:/home/moosa/.m2/repository/org/testng/testng/7.3.0/testng-7.3.0.jar:/home/moosa/.m2/repository/com/beust/jcommander/1.78/jcommander-1.78.jar:/home/moosa/.m2/repository/org/apache/ant/ant/1.10.3/ant-1.10.3.jar:/home/moosa/.m2/repository/org/apache/ant/ant-launcher/1.10.3/ant-launcher-1.10.3.jar:/home/moosa/.m2/repository/junit/junit/4.12/junit-4.12.jar:/home/moosa/.m2/repository/org/hamcrest/hamcrest-core/1.3/hamcrest-core-1.3.jar:/home/moosa/.m2/repository/com/google/inject/guice/4.2.2/guice-4.2.2-no_aop.jar:/home/moosa/.m2/repository/javax/inject/javax.inject/1/javax.inject-1.jar:/home/moosa/.m2/repository/aopalliance/aopalliance/1.0/aopalliance-1.0.jar:/home/moosa/.m2/repository/org/yaml/snakeyaml/1.21/snakeyaml-1.21.jar:/home/moosa/.m2/repository/org/apache/maven/plugins/maven-compiler-plugin/3.8.1/maven-compiler-plugin-3.8.1.jar:/home/moosa/.m2/repository/org/apache/maven/maven-plugin-api/3.0/maven-plugin-api-3.0.jar:/home/moosa/.m2/repository/org/apache/maven/maven-model/3.0/maven-model-3.0.jar:/home/moosa/.m2/repository/org/sonatype/sisu/sisu-inject-plexus/1.4.2/sisu-inject-plexus-1.4.2.jar:/home/moosa/.m2/repository/org/sonatype/sisu/sisu-inject-bean/1.4.2/sisu-inject-bean-1.4.2.jar:/home/moosa/.m2/repository/org/sonatype/sisu/sisu-guice/2.1.7/sisu-guice-2.1.7-noaop.jar:/home/moosa/.m2/repository/org/apache/maven/maven-artifact/3.0/maven-artifact-3.0.jar:/home/moosa/.m2/repository/org/codehaus/plexus/plexus-utils/2.0.4/plexus-utils-2.0.4.jar:/home/moosa/.m2/repository/org/apache/maven/maven-core/3.0/maven-core-3.0.jar:/home/moosa/.m2/repository/org/apache/maven/maven-settings/3.0/maven-settings-3.0.jar:/home/moosa/.m2/repository/org/apache/maven/maven-settings-builder/3.0/maven-settings-builder-3.0.jar:/home/moosa/.m2/repository/org/apache/maven/maven-repository-metadata/3.0/maven-repository-metadata-3.0.jar:/home/moosa/.m2/repository/org/apache/maven/maven-model-builder/3.0/maven-model-builder-3.0.jar:/home/moosa/.m2/repository/org/apache/maven/maven-aether-provider/3.0/maven-aether-provider-3.0.jar:/home/moosa/.m2/repository/org/sonatype/aether/aether-impl/1.7/aether-impl-1.7.jar:/home/moosa/.m2/repository/org/sonatype/aether/aether-spi/1.7/aether-spi-1.7.jar:/home/moosa/.m2/repository/org/sonatype/aether/aether-api/1.7/aether-api-1.7.jar:/home/moosa/.m2/repository/org/sonatype/aether/aether-util/1.7/aether-util-1.7.jar:/home/moosa/.m2/repository/org/codehaus/plexus/plexus-interpolation/1.14/plexus-interpolation-1.14.jar:/home/moosa/.m2/repository/org/codehaus/plexus/plexus-classworlds/2.2.3/plexus-classworlds-2.2.3.jar:/home/moosa/.m2/repository/org/codehaus/plexus/plexus-component-annotations/1.5.5/plexus-component-annotations-1.5.5.jar:/home/moosa/.m2/repository/org/sonatype/plexus/plexus-sec-dispatcher/1.3/plexus-sec-dispatcher-1.3.jar:/home/moosa/.m2/repository/org/sonatype/plexus/plexus-cipher/1.4/plexus-cipher-1.4.jar:/home/moosa/.m2/repository/org/apache/maven/shared/maven-shared-utils/3.2.1/maven-shared-utils-3.2.1.jar:/home/moosa/.m2/repository/commons-io/commons-io/2.5/commons-io-2.5.jar:/home/moosa/.m2/repository/org/apache/maven/shared/maven-shared-incremental/1.1/maven-shared-incremental-1.1.jar:/home/moosa/.m2/repository/org/codehaus/plexus/plexus-java/0.9.10/plexus-java-0.9.10.jar:/home/moosa/.m2/repository/org/ow2/asm/asm/6.2/asm-6.2.jar:/home/moosa/.m2/repository/com/thoughtworks/qdox/qdox/2.0-M8/qdox-2.0-M8.jar:/home/moosa/.m2/repository/org/codehaus/plexus/plexus-compiler-api/2.8.4/plexus-compiler-api-2.8.4.jar:/home/moosa/.m2/repository/org/codehaus/plexus/plexus-compiler-manager/2.8.4/plexus-compiler-manager-2.8.4.jar:/home/moosa/.m2/repository/org/codehaus/plexus/plexus-compiler-javac/2.8.4/plexus-compiler-javac-2.8.4.jar:/home/moosa/.m2/repository/log4j/log4j/1.2.17/log4j-1.2.17.jar:/home/moosa/.m2/repository/com/aventstack/extentreports/4.0.9/extentreports-4.0.9.jar:/home/moosa/.m2/repository/org/freemarker/freemarker/2.3.23/freemarker-2.3.23.jar:/home/moosa/.m2/repository/org/mongodb/mongodb-driver/3.3.0/mongodb-driver-3.3.0.jar:/home/moosa/.m2/repository/org/mongodb/mongodb-driver-core/3.3.0/mongodb-driver-core-3.3.0.jar:/home/moosa/.m2/repository/org/mongodb/bson/3.3.0/bson-3.3.0.jar:/home/moosa/.m2/repository/org/apache/httpcomponents/httpclient/4.5.2/httpclient-4.5.2.jar:/home/moosa/.m2/repository/org/apache/httpcomponents/httpcore/4.4.4/httpcore-4.4.4.jar:/home/moosa/.m2/repository/commons-logging/commons-logging/1.2/commons-logging-1.2.jar:/home/moosa/.m2/repository/org/apache/httpcomponents/httpmime/4.5.2/httpmime-4.5.2.jar:/home/moosa/.m2/repository/com/google/code/gson/gson/2.8.5/gson-2.8.5.jar:/home/moosa/.m2/repository/com/relevantcodes/extentreports/2.41.0/extentreports-2.41.0.jar:/home/moosa/.m2/repository/org/jsoup/jsoup/1.8.3/jsoup-1.8.3.jar:/home/moosa/.m2/repository/org/xerial/sqlite-jdbc/3.8.11.1/sqlite-jdbc-3.8.11.1.jar:"/>
    <property name="java.vm.vendor" value="Red Hat, Inc."/>
    <property name="sun.arch.data.model" value="64"/>
    <property name="java.vendor.url" value="https://www.redhat.com/"/>
    <property name="user.timezone" value=""/>
    <property name="java.vm.specification.version" value="11"/>
    <property name="os.name" value="Linux"/>
    <property name="sun.java.launcher" value="SUN_STANDARD"/>
    <property name="user.country" value="US"/>
    <property name="sun.boot.library.path" value="/usr/lib/jvm/java-11-openjdk-11.0.14.0.9-2.el8_5.x86_64/lib"/>
    <property name="sun.java.command" value="/home/moosa/eclipse-workspace/automation/target/surefire/surefirebooter7289685533042671847.jar /home/moosa/eclipse-workspace/automation/target/surefire 2022-09-07T14-08-52_428-jvmRun1 surefire12584072349717688926tmp surefire_013677227291408178208tmp"/>
    <property name="jdk.debug" value="release"/>
    <property name="surefire.test.class.path" value="/home/moosa/eclipse-workspace/automation/target/test-classes:/home/moosa/eclipse-workspace/automation/target/classes:/home/moosa/.m2/repository/org/apache/poi/poi-ooxml/4.1.2/poi-ooxml-4.1.2.jar:/home/moosa/.m2/repository/org/apache/poi/poi/4.1.2/poi-4.1.2.jar:/home/moosa/.m2/repository/commons-codec/commons-codec/1.13/commons-codec-1.13.jar:/home/moosa/.m2/repository/org/apache/commons/commons-collections4/4.4/commons-collections4-4.4.jar:/home/moosa/.m2/repository/org/apache/commons/commons-math3/3.6.1/commons-math3-3.6.1.jar:/home/moosa/.m2/repository/com/zaxxer/SparseBitSet/1.2/SparseBitSet-1.2.jar:/home/moosa/.m2/repository/org/apache/poi/poi-ooxml-schemas/4.1.2/poi-ooxml-schemas-4.1.2.jar:/home/moosa/.m2/repository/org/apache/xmlbeans/xmlbeans/3.1.0/xmlbeans-3.1.0.jar:/home/moosa/.m2/repository/org/apache/commons/commons-compress/1.19/commons-compress-1.19.jar:/home/moosa/.m2/repository/com/github/virtuald/curvesapi/1.06/curvesapi-1.06.jar:/home/moosa/.m2/repository/org/seleniumhq/selenium/selenium-java/3.141.59/selenium-java-3.141.59.jar:/home/moosa/.m2/repository/org/seleniumhq/selenium/selenium-api/3.141.59/selenium-api-3.141.59.jar:/home/moosa/.m2/repository/org/seleniumhq/selenium/selenium-chrome-driver/3.141.59/selenium-chrome-driver-3.141.59.jar:/home/moosa/.m2/repository/org/seleniumhq/selenium/selenium-edge-driver/3.141.59/selenium-edge-driver-3.141.59.jar:/home/moosa/.m2/repository/org/seleniumhq/selenium/selenium-firefox-driver/3.141.59/selenium-firefox-driver-3.141.59.jar:/home/moosa/.m2/repository/org/seleniumhq/selenium/selenium-ie-driver/3.141.59/selenium-ie-driver-3.141.59.jar:/home/moosa/.m2/repository/org/seleniumhq/selenium/selenium-opera-driver/3.141.59/selenium-opera-driver-3.141.59.jar:/home/moosa/.m2/repository/org/seleniumhq/selenium/selenium-remote-driver/3.141.59/selenium-remote-driver-3.141.59.jar:/home/moosa/.m2/repository/org/seleniumhq/selenium/selenium-safari-driver/3.141.59/selenium-safari-driver-3.141.59.jar:/home/moosa/.m2/repository/org/seleniumhq/selenium/selenium-support/3.141.59/selenium-support-3.141.59.jar:/home/moosa/.m2/repository/net/bytebuddy/byte-buddy/1.8.15/byte-buddy-1.8.15.jar:/home/moosa/.m2/repository/org/apache/commons/commons-exec/1.3/commons-exec-1.3.jar:/home/moosa/.m2/repository/com/google/guava/guava/25.0-jre/guava-25.0-jre.jar:/home/moosa/.m2/repository/com/google/code/findbugs/jsr305/1.3.9/jsr305-1.3.9.jar:/home/moosa/.m2/repository/org/checkerframework/checker-compat-qual/2.0.0/checker-compat-qual-2.0.0.jar:/home/moosa/.m2/repository/com/google/errorprone/error_prone_annotations/2.1.3/error_prone_annotations-2.1.3.jar:/home/moosa/.m2/repository/com/google/j2objc/j2objc-annotations/1.1/j2objc-annotations-1.1.jar:/home/moosa/.m2/repository/org/codehaus/mojo/animal-sniffer-annotations/1.14/animal-sniffer-annotations-1.14.jar:/home/moosa/.m2/repository/com/squareup/okhttp3/okhttp/3.11.0/okhttp-3.11.0.jar:/home/moosa/.m2/repository/com/squareup/okio/okio/1.14.0/okio-1.14.0.jar:/home/moosa/.m2/repository/org/testng/testng/7.3.0/testng-7.3.0.jar:/home/moosa/.m2/repository/com/beust/jcommander/1.78/jcommander-1.78.jar:/home/moosa/.m2/repository/org/apache/ant/ant/1.10.3/ant-1.10.3.jar:/home/moosa/.m2/repository/org/apache/ant/ant-launcher/1.10.3/ant-launcher-1.10.3.jar:/home/moosa/.m2/repository/junit/junit/4.12/junit-4.12.jar:/home/moosa/.m2/repository/org/hamcrest/hamcrest-core/1.3/hamcrest-core-1.3.jar:/home/moosa/.m2/repository/com/google/inject/guice/4.2.2/guice-4.2.2-no_aop.jar:/home/moosa/.m2/repository/javax/inject/javax.inject/1/javax.inject-1.jar:/home/moosa/.m2/repository/aopalliance/aopalliance/1.0/aopalliance-1.0.jar:/home/moosa/.m2/repository/org/yaml/snakeyaml/1.21/snakeyaml-1.21.jar:/home/moosa/.m2/repository/org/apache/maven/plugins/maven-compiler-plugin/3.8.1/maven-compiler-plugin-3.8.1.jar:/home/moosa/.m2/repository/org/apache/maven/maven-plugin-api/3.0/maven-plugin-api-3.0.jar:/home/moosa/.m2/repository/org/apache/maven/maven-model/3.0/maven-model-3.0.jar:/home/moosa/.m2/repository/org/sonatype/sisu/sisu-inject-plexus/1.4.2/sisu-inject-plexus-1.4.2.jar:/home/moosa/.m2/repository/org/sonatype/sisu/sisu-inject-bean/1.4.2/sisu-inject-bean-1.4.2.jar:/home/moosa/.m2/repository/org/sonatype/sisu/sisu-guice/2.1.7/sisu-guice-2.1.7-noaop.jar:/home/moosa/.m2/repository/org/apache/maven/maven-artifact/3.0/maven-artifact-3.0.jar:/home/moosa/.m2/repository/org/codehaus/plexus/plexus-utils/2.0.4/plexus-utils-2.0.4.jar:/home/moosa/.m2/repository/org/apache/maven/maven-core/3.0/maven-core-3.0.jar:/home/moosa/.m2/repository/org/apache/maven/maven-settings/3.0/maven-settings-3.0.jar:/home/moosa/.m2/repository/org/apache/maven/maven-settings-builder/3.0/maven-settings-builder-3.0.jar:/home/moosa/.m2/repository/org/apache/maven/maven-repository-metadata/3.0/maven-repository-metadata-3.0.jar:/home/moosa/.m2/repository/org/apache/maven/maven-model-builder/3.0/maven-model-builder-3.0.jar:/home/moosa/.m2/repository/org/apache/maven/maven-aether-provider/3.0/maven-aether-provider-3.0.jar:/home/moosa/.m2/repository/org/sonatype/aether/aether-impl/1.7/aether-impl-1.7.jar:/home/moosa/.m2/repository/org/sonatype/aether/aether-spi/1.7/aether-spi-1.7.jar:/home/moosa/.m2/repository/org/sonatype/aether/aether-api/1.7/aether-api-1.7.jar:/home/moosa/.m2/repository/org/sonatype/aether/aether-util/1.7/aether-util-1.7.jar:/home/moosa/.m2/repository/org/codehaus/plexus/plexus-interpolation/1.14/plexus-interpolation-1.14.jar:/home/moosa/.m2/repository/org/codehaus/plexus/plexus-classworlds/2.2.3/plexus-classworlds-2.2.3.jar:/home/moosa/.m2/repository/org/codehaus/plexus/plexus-component-annotations/1.5.5/plexus-component-annotations-1.5.5.jar:/home/moosa/.m2/repository/org/sonatype/plexus/plexus-sec-dispatcher/1.3/plexus-sec-dispatcher-1.3.jar:/home/moosa/.m2/repository/org/sonatype/plexus/plexus-cipher/1.4/plexus-cipher-1.4.jar:/home/moosa/.m2/repository/org/apache/maven/shared/maven-shared-utils/3.2.1/maven-shared-utils-3.2.1.jar:/home/moosa/.m2/repository/commons-io/commons-io/2.5/commons-io-2.5.jar:/home/moosa/.m2/repository/org/apache/maven/shared/maven-shared-incremental/1.1/maven-shared-incremental-1.1.jar:/home/moosa/.m2/repository/org/codehaus/plexus/plexus-java/0.9.10/plexus-java-0.9.10.jar:/home/moosa/.m2/repository/org/ow2/asm/asm/6.2/asm-6.2.jar:/home/moosa/.m2/repository/com/thoughtworks/qdox/qdox/2.0-M8/qdox-2.0-M8.jar:/home/moosa/.m2/repository/org/codehaus/plexus/plexus-compiler-api/2.8.4/plexus-compiler-api-2.8.4.jar:/home/moosa/.m2/repository/org/codehaus/plexus/plexus-compiler-manager/2.8.4/plexus-compiler-manager-2.8.4.jar:/home/moosa/.m2/repository/org/codehaus/plexus/plexus-compiler-javac/2.8.4/plexus-compiler-javac-2.8.4.jar:/home/moosa/.m2/repository/log4j/log4j/1.2.17/log4j-1.2.17.jar:/home/moosa/.m2/repository/com/aventstack/extentreports/4.0.9/extentreports-4.0.9.jar:/home/moosa/.m2/repository/org/freemarker/freemarker/2.3.23/freemarker-2.3.23.jar:/home/moosa/.m2/repository/org/mongodb/mongodb-driver/3.3.0/mongodb-driver-3.3.0.jar:/home/moosa/.m2/repository/org/mongodb/mongodb-driver-core/3.3.0/mongodb-driver-core-3.3.0.jar:/home/moosa/.m2/repository/org/mongodb/bson/3.3.0/bson-3.3.0.jar:/home/moosa/.m2/repository/org/apache/httpcomponents/httpclient/4.5.2/httpclient-4.5.2.jar:/home/moosa/.m2/repository/org/apache/httpcomponents/httpcore/4.4.4/httpcore-4.4.4.jar:/home/moosa/.m2/repository/commons-logging/commons-logging/1.2/commons-logging-1.2.jar:/home/moosa/.m2/repository/org/apache/httpcomponents/httpmime/4.5.2/httpmime-4.5.2.jar:/home/moosa/.m2/repository/com/google/code/gson/gson/2.8.5/gson-2.8.5.jar:/home/moosa/.m2/repository/com/relevantcodes/extentreports/2.41.0/extentreports-2.41.0.jar:/home/moosa/.m2/repository/org/jsoup/jsoup/1.8.3/jsoup-1.8.3.jar:/home/moosa/.m2/repository/org/xerial/sqlite-jdbc/3.8.11.1/sqlite-jdbc-3.8.11.1.jar:"/>
    <property name="sun.cpu.endian" value="little"/>
    <property name="user.home" value="/home/moosa"/>
    <property name="user.language" value="en"/>
    <property name="java.specification.vendor" value="Oracle Corporation"/>
    <property name="java.version.date" value="2022-01-18"/>
    <property name="java.home" value="/usr/lib/jvm/java-11-openjdk-11.0.14.0.9-2.el8_5.x86_64"/>
    <property name="file.separator" value="/"/>
    <property name="basedir" value="/home/moosa/eclipse-workspace/automation"/>
    <property name="java.vm.compressedOopsMode" value="Zero based"/>
    <property name="line.separator" value="&#10;"/>
    <property name="java.specification.name" value="Java Platform API Specification"/>
    <property name="java.vm.specification.vendor" value="Oracle Corporation"/>
    <property name="java.awt.graphicsenv" value="sun.awt.X11GraphicsEnvironment"/>
    <property name="surefire.real.class.path" value="/home/moosa/eclipse-workspace/automation/target/surefire/surefirebooter7289685533042671847.jar"/>
    <property name="sun.management.compiler" value="HotSpot 64-Bit Tiered Compilers"/>
    <property name="java.runtime.version" value="11.0.14+9-LTS"/>
    <property name="user.name" value="moosa"/>
    <property name="path.separator" value=":"/>
    <property name="os.version" value="5.12.10-1.el8.elrepo.x86_64"/>
    <property name="java.runtime.name" value="OpenJDK Runtime Environment"/>
    <property name="file.encoding" value="UTF-8"/>
    <property name="java.vm.name" value="OpenJDK 64-Bit Server VM"/>
    <property name="java.vendor.version" value="18.9"/>
    <property name="localRepository" value="/home/moosa/.m2/repository"/>
    <property name="java.vendor.url.bug" value="https://bugzilla.redhat.com/enter_bug.cgi?product=Red%20Hat%20Enterprise%20Linux%208&amp;component=java-11-openjdk"/>
    <property name="java.io.tmpdir" value="/tmp"/>
    <property name="java.version" value="11.0.14"/>
    <property name="user.dir" value="/home/moosa/eclipse-workspace/automation"/>
    <property name="os.arch" value="amd64"/>
    <property name="java.vm.specification.name" value="Java Virtual Machine Specification"/>
    <property name="java.awt.printerjob" value="sun.print.PSPrinterJob"/>
    <property name="sun.os.patch.level" value="unknown"/>
    <property name="java.library.path" value="/usr/java/packages/lib:/usr/lib64:/lib64:/lib:/usr/lib"/>
    <property name="java.vm.info" value="mixed mode, sharing"/>
    <property name="java.vendor" value="Red Hat, Inc."/>
    <property name="java.vm.version" value="11.0.14+9-LTS"/>
    <property name="sun.io.unicode.encoding" value="UnicodeLittle"/>
    <property name="java.class.version" value="55.0"/>
  </properties>
  <testcase name="login" classname="com.nglc.application.AppTest" time="4.303"/>
  <testcase name="EditValidUser" classname="com.nglc.application.AppTest" time="8.648">
    <failure type="java.lang.NullPointerException">java.lang.NullPointerException
	at com.nglc.application.AppTest.EditValidUser(AppTest.java:607)
</failure>
    <system-err><![CDATA[Starting ChromeDriver 98.0.4758.102 (273bf7ac8c909cde36982d27f66f3c70846a3718-refs/branch-heads/4758@{#1151}) on port 10482
Only local connections are allowed.
Please see https://chromedriver.chromium.org/security-considerations for suggestions on keeping ChromeDriver safe.
ChromeDriver was started successfully.
Sep 07, 2022 2:09:01 PM org.openqa.selenium.remote.ProtocolHandshake createSession
INFO: Detected dialect: W3C
]]></system-err>
  </testcase>
</testsuite>